2025-05-12 22:15:44.187756+00:00 PUT /api/products 17 200
2025-05-12 22:16:14.187756+00:00 DELETE /api/users 54 200
2025-05-12 22:16:44.187756+00:00 DELETE /cart 8 200
2025-05-12 22:17:14.187756+00:00 GET /api/users 35 200
2025-05-12 22:17:44.187756+00:00 DELETE /contact 38 200
2025-05-12 22:18:14.187756+00:00 POST /home 1 200
2025-05-12 22:18:44.187756+00:00 PUT /home 99 200
2025-05-12 22:19:14.187756+00:00 GET /login 40 200
2025-05-12 22:19:44.187756+00:00 POST /products 18 200
2025-05-12 22:20:14.187756+00:00 PUT /products 61 200
2025-05-12 22:20:44.187756+00:00 POST /contact 50 200
2025-05-12 22:21:14.187756+00:00 DELETE /home 38 200
2025-05-12 22:21:44.187756+00:00 PUT /contact 86 200
2025-05-12 22:22:14.187756+00:00 GET /login 4 200
2025-05-12 22:22:44.187756+00:00 GET /login 73 200
2025-05-12 22:23:14.187756+00:00 POST /login 72 200
2025-05-12 22:23:44.187756+00:00 DELETE /products 3 200
2025-05-12 22:24:14.187756+00:00 GET /products 62 200
2025-05-12 22:24:44.187756+00:00 POST /api/products 35 200
2025-05-12 22:25:14.187756+00:00 DELETE /home 88 200
2025-05-12 22:25:44.187756+00:00 DELETE /contact 89 200
2025-05-12 22:26:14.187756+00:00 DELETE /api/users 40 200
2025-05-12 22:26:44.187756+00:00 POST /checkout 30 200
2025-05-12 22:27:14.187756+00:00 PUT /home 39 200
2025-05-12 22:27:44.187756+00:00 DELETE /checkout 86 200
2025-05-12 22:28:14.187756+00:00 PUT /cart 14 200
2025-05-12 22:28:44.187756+00:00 GET /contact 76 200
2025-05-12 22:29:14.187756+00:00 POST /api/users 31 200
2025-05-12 22:29:44.187756+00:00 PUT /home 25 200
2025-05-12 22:30:14.187756+00:00 DELETE /products 17 200
2025-05-12 22:30:44.187756+00:00 DELETE /login 66 200
2025-05-12 22:31:14.187756+00:00 POST /checkout 100 200
2025-05-12 22:31:44.187756+00:00 GET /checkout 22 200
2025-05-12 22:32:14.187756+00:00 DELETE /login 100 200
2025-05-12 22:32:44.187756+00:00 DELETE /products 48 200
2025-05-12 22:33:14.187756+00:00 DELETE /login 29 200
2025-05-12 22:33:44.187756+00:00 GET /home 86 200
2025-05-12 22:34:14.187756+00:00 GET /api/products 67 200
2025-05-12 22:34:44.187756+00:00 GET /checkout 6 200
2025-05-12 22:35:14.187756+00:00 POST /home 35 200
2025-05-12 22:35:44.187756+00:00 PUT /home 93 200
2025-05-12 22:36:14.187756+00:00 PUT /home 98 200
2025-05-12 22:36:44.187756+00:00 POST /checkout 85 200
2025-05-12 22:37:14.187756+00:00 DELETE /login 35 200
2025-05-12 22:37:44.187756+00:00 GET /api/users 78 200
2025-05-12 22:38:14.187756+00:00 PUT /home 95 200
2025-05-12 22:38:44.187756+00:00 GET /checkout 91 200
2025-05-12 22:39:14.187756+00:00 DELETE /login 19 200
2025-05-12 22:39:44.187756+00:00 DELETE /products 21 200
2025-05-12 22:40:14.187756+00:00 PUT /api/users 80 200
2025-05-12 22:40:44.187756+00:00 PUT /cart 56 200
2025-05-12 22:41:14.187756+00:00 PUT /checkout 5 200
2025-05-12 22:41:44.187756+00:00 GET /api/products 93 200
2025-05-12 22:42:14.187756+00:00 POST /checkout 4 200
2025-05-12 22:42:44.187756+00:00 DELETE /checkout 65 200
2025-05-12 22:43:14.187756+00:00 PUT /api/users 85 200
2025-05-12 22:43:44.187756+00:00 PUT /contact 77 200
2025-05-12 22:44:14.187756+00:00 GET /home 84 200
2025-05-12 22:44:44.187756+00:00 PUT /home 42 200
2025-05-12 22:45:14.187756+00:00 POST /home 11 200
2025-05-12 22:45:44.187756+00:00 PUT /contact 17 200
2025-05-12 22:46:14.187756+00:00 DELETE /products 88 200
2025-05-12 22:46:44.187756+00:00 DELETE /login 67 200
2025-05-12 22:47:14.187756+00:00 DELETE /home 25 200
2025-05-12 22:47:44.187756+00:00 POST /checkout 26 200
2025-05-12 22:48:14.187756+00:00 PUT /products 65 200
2025-05-12 22:48:44.187756+00:00 DELETE /products 76 200
2025-05-12 22:49:14.187756+00:00 POST /api/products 45 200
2025-05-12 22:49:44.187756+00:00 PUT /home 72 200
2025-05-12 22:50:14.187756+00:00 GET /login 93 200
2025-05-12 22:50:44.187756+00:00 POST /contact 31 200
2025-05-12 22:51:14.187756+00:00 DELETE /api/products 91 200
2025-05-12 22:51:44.187756+00:00 PUT /home 72 200
2025-05-12 22:52:14.187756+00:00 POST /checkout 99 200
2025-05-12 22:52:44.187756+00:00 POST /home 87 200
2025-05-12 22:53:14.187756+00:00 PUT /products 86 200
2025-05-12 22:53:44.187756+00:00 POST /login 71 200
2025-05-12 22:54:14.187756+00:00 PUT /api/products 16 200
2025-05-12 22:54:44.187756+00:00 DELETE /checkout 21 200
2025-05-12 22:55:14.187756+00:00 DELETE /checkout 32 200
2025-05-12 22:55:44.187756+00:00 GET /home 74 200
2025-05-12 22:56:14.187756+00:00 POST /cart 84 200
2025-05-12 22:56:44.187756+00:00 GET /api/products 91 200
2025-05-12 22:57:14.187756+00:00 PUT /api/users 83 200
2025-05-12 22:57:44.187756+00:00 PUT /home 84 200
2025-05-12 22:58:14.187756+00:00 POST /home 88 200
2025-05-12 22:58:44.187756+00:00 GET /api/users 40 200
2025-05-12 22:59:14.187756+00:00 PUT /checkout 85 200
2025-05-12 22:59:44.187756+00:00 POST /products 43 200
2025-05-12 23:00:14.187756+00:00 PUT /contact 55 200
2025-05-12 23:00:44.187756+00:00 POST /home 93 200
2025-05-12 23:01:14.187756+00:00 DELETE /home 4 200
2025-05-12 23:01:44.187756+00:00 GET /checkout 72 200
2025-05-12 23:02:14.187756+00:00 DELETE /cart 2 200
2025-05-12 23:02:44.187756+00:00 DELETE /cart 100 200
2025-05-12 23:03:14.187756+00:00 DELETE /home 26 200
2025-05-12 23:03:44.187756+00:00 PUT /products 23 200
2025-05-12 23:04:14.187756+00:00 POST /api/products 41 200
2025-05-12 23:04:44.187756+00:00 PUT /home 80 200
2025-05-12 23:05:14.187756+00:00 GET /login 85 200
2025-05-12 23:05:44.187756+00:00 DELETE /cart 11 200
2025-05-12 23:06:14.187756+00:00 PUT /home 8 200
2025-05-12 23:06:44.187756+00:00 POST /checkout 57 200
2025-05-12 23:07:14.187756+00:00 GET /home 55 200
2025-05-12 23:07:44.187756+00:00 DELETE /home 22 200
2025-05-12 23:08:14.187756+00:00 POST /api/products 39 200
2025-05-12 23:08:44.187756+00:00 DELETE /home 91 200
2025-05-12 23:09:14.187756+00:00 POST /home 13 200
2025-05-12 23:09:44.187756+00:00 POST /login 56 200
2025-05-12 23:10:14.187756+00:00 POST /products 48 200
2025-05-12 23:10:44.187756+00:00 PUT /cart 31 200
2025-05-12 23:11:14.187756+00:00 DELETE /home 68 200
2025-05-12 23:11:44.187756+00:00 POST /cart 100 200
2025-05-12 23:12:14.187756+00:00 GET /api/products 72 200
2025-05-12 23:12:44.187756+00:00 PUT /cart 20 200
2025-05-12 23:13:14.187756+00:00 PUT /products 32 200
2025-05-12 23:13:44.187756+00:00 POST /contact 91 200
2025-05-12 23:14:14.187756+00:00 PUT /login 51 200
2025-05-12 23:14:44.187756+00:00 PUT /login 75 200
2025-05-12 23:15:14.187756+00:00 POST /home 54 200
2025-05-12 23:15:44.187756+00:00 DELETE /login 68 200
2025-05-12 23:16:14.187756+00:00 PUT /contact 3 200
2025-05-12 23:16:44.187756+00:00 GET /contact 93 200
2025-05-12 23:17:14.187756+00:00 POST /home 80 200
2025-05-12 23:17:44.187756+00:00 PUT /home 82 200
2025-05-12 23:18:14.187756+00:00 PUT /contact 21 200
2025-05-12 23:18:44.187756+00:00 DELETE /home 82 200
2025-05-12 23:19:14.187756+00:00 PUT /cart 73 200
2025-05-12 23:19:44.187756+00:00 POST /api/users 19 200
2025-05-12 23:20:14.187756+00:00 DELETE /checkout 81 200
2025-05-12 23:20:44.187756+00:00 DELETE /contact 28 200
2025-05-12 23:21:14.187756+00:00 GET /api/users 51 200
2025-05-12 23:21:44.187756+00:00 GET /contact 24 200
2025-05-12 23:22:14.187756+00:00 GET /contact 97 200
2025-05-12 23:22:44.187756+00:00 POST /checkout 30 200
2025-05-12 23:23:14.187756+00:00 GET /products 93 200
2025-05-12 23:23:44.187756+00:00 GET /products 36 200
2025-05-12 23:24:14.187756+00:00 PUT /login 36 200
2025-05-12 23:24:44.187756+00:00 POST /contact 33 200
2025-05-12 23:25:14.187756+00:00 DELETE /cart 24 200
2025-05-12 23:25:44.187756+00:00 DELETE /checkout 31 200
2025-05-12 23:26:14.187756+00:00 DELETE /home 28 200
2025-05-12 23:26:44.187756+00:00 PUT /api/products 10 200
2025-05-12 23:27:14.187756+00:00 DELETE /contact 49 200
2025-05-12 23:27:44.187756+00:00 PUT /login 86 200
2025-05-12 23:28:14.187756+00:00 POST /cart 39 200
2025-05-12 23:28:44.187756+00:00 DELETE /api/users 70 200
2025-05-12 23:29:14.187756+00:00 POST /cart 93 200
2025-05-12 23:29:44.187756+00:00 PUT /api/products 16 200
2025-05-12 23:30:14.187756+00:00 POST /home 23 200
2025-05-12 23:30:44.187756+00:00 DELETE /home 97 200
2025-05-12 23:31:14.187756+00:00 DELETE /products 61 200
2025-05-12 23:31:44.187756+00:00 DELETE /products 90 200
2025-05-12 23:32:14.187756+00:00 PUT /home 2 200
2025-05-12 23:32:44.187756+00:00 GET /home 47 200
2025-05-12 23:33:14.187756+00:00 GET /api/users 28 200
2025-05-12 23:33:44.187756+00:00 GET /checkout 1 200
2025-05-12 23:34:14.187756+00:00 DELETE /api/products 94 200
2025-05-12 23:34:44.187756+00:00 POST /contact 7 200
2025-05-12 23:35:14.187756+00:00 PUT /contact 50 200
2025-05-12 23:35:44.187756+00:00 GET /cart 31 200
2025-05-12 23:36:14.187756+00:00 PUT /contact 61 200
2025-05-12 23:36:44.187756+00:00 POST /checkout 59 200
2025-05-12 23:37:14.187756+00:00 POST /products 68 200
2025-05-12 23:37:44.187756+00:00 POST /home 41 200
2025-05-12 23:38:14.187756+00:00 DELETE /home 5 200
2025-05-12 23:38:44.187756+00:00 POST /api/products 81 200
2025-05-12 23:39:14.187756+00:00 GET /api/users 25 200
2025-05-12 23:39:44.187756+00:00 DELETE /contact 43 200
2025-05-12 23:40:14.187756+00:00 POST /login 66 200
2025-05-12 23:40:44.187756+00:00 GET /api/products 43 200
2025-05-12 23:41:14.187756+00:00 GET /home 72 200
2025-05-12 23:41:44.187756+00:00 DELETE /api/products 37 200
2025-05-12 23:42:14.187756+00:00 DELETE /api/products 57 200
2025-05-12 23:42:44.187756+00:00 PUT /login 49 200
2025-05-12 23:43:14.187756+00:00 PUT /home 57 200
2025-05-12 23:43:44.187756+00:00 DELETE /login 90 200
2025-05-12 23:44:14.187756+00:00 GET /home 8 200
2025-05-12 23:44:44.187756+00:00 DELETE /contact 3 200
2025-05-12 23:45:14.187756+00:00 GET /home 74 200
2025-05-12 23:45:44.187756+00:00 DELETE /home 84 200
2025-05-12 23:46:14.187756+00:00 PUT /products 69 200
2025-05-12 23:46:44.187756+00:00 POST /api/products 76 200
2025-05-12 23:47:14.187756+00:00 POST /api/users 84 200
2025-05-12 23:47:44.187756+00:00 PUT /home 52 200
2025-05-12 23:48:14.187756+00:00 POST /products 31 200
2025-05-12 23:48:44.187756+00:00 PUT /api/users 57 200
2025-05-12 23:49:14.187756+00:00 PUT /login 65 200
2025-05-12 23:49:44.187756+00:00 PUT /home 39 200
2025-05-12 23:50:14.187756+00:00 GET /api/products 31 200
2025-05-12 23:50:44.187756+00:00 POST /cart 64 200
2025-05-12 23:51:14.187756+00:00 POST /home 50 200
2025-05-12 23:51:44.187756+00:00 PUT /home 43 200
2025-05-12 23:52:14.187756+00:00 PUT /products 16 200
2025-05-12 23:52:44.187756+00:00 DELETE /login 4 200
2025-05-12 23:53:14.187756+00:00 DELETE /checkout 95 200
2025-05-12 23:53:44.187756+00:00 GET /checkout 43 200
2025-05-12 23:54:14.187756+00:00 PUT /api/users 59 200
2025-05-12 23:54:44.187756+00:00 PUT /products 64 200
2025-05-12 23:55:14.187756+00:00 PUT /checkout 75 200
2025-05-12 23:55:44.187756+00:00 POST /home 49 200
2025-05-12 23:56:14.187756+00:00 GET /login 88 200
2025-05-12 23:56:44.187756+00:00 GET /checkout 58 200
2025-05-12 23:57:14.187756+00:00 GET /cart 66 200
2025-05-12 23:57:44.187756+00:00 POST /api/users 27 200
2025-05-12 23:58:14.187756+00:00 GET /home 70 200
2025-05-12 23:58:44.187756+00:00 POST /cart 86 200
2025-05-12 23:59:14.187756+00:00 GET /products 20 200
2025-05-12 23:59:44.187756+00:00 GET /home 21 200
2025-05-13 00:00:14.187756+00:00 PUT /home 71 200
2025-05-13 00:00:44.187756+00:00 GET /api/products 78 200
2025-05-13 00:01:14.187756+00:00 DELETE /cart 46 200
2025-05-13 00:01:44.187756+00:00 DELETE /home 58 200
2025-05-13 00:02:14.187756+00:00 POST /products 76 200
2025-05-13 00:02:44.187756+00:00 POST /api/products 39 200
2025-05-13 00:03:14.187756+00:00 GET /checkout 89 200
2025-05-13 00:03:44.187756+00:00 DELETE /checkout 24 200
2025-05-13 00:04:14.187756+00:00 GET /home 81 200
2025-05-13 00:04:44.187756+00:00 POST /login 79 200
2025-05-13 00:05:14.187756+00:00 PUT /home 62 200
2025-05-13 00:05:44.187756+00:00 PUT /api/products 90 200
2025-05-13 00:06:14.187756+00:00 POST /api/users 55 200
2025-05-13 00:06:44.187756+00:00 GET /products 9 200
2025-05-13 00:07:14.187756+00:00 PUT /api/products 74 200
2025-05-13 00:07:44.187756+00:00 GET /api/products 51 200
2025-05-13 00:08:14.187756+00:00 POST /api/users 81 200
2025-05-13 00:08:44.187756+00:00 POST /api/products 31 200
2025-05-13 00:09:14.187756+00:00 PUT /products 8 200
2025-05-13 00:09:44.187756+00:00 DELETE /home 97 200
2025-05-13 00:10:14.187756+00:00 DELETE /api/users 73 200
2025-05-13 00:10:44.187756+00:00 PUT /home 30 200
2025-05-13 00:11:14.187756+00:00 PUT /api/users 1 200
2025-05-13 00:11:44.187756+00:00 POST /login 71 200
2025-05-13 00:12:14.187756+00:00 POST /home 10 200
2025-05-13 00:12:44.187756+00:00 DELETE /api/products 42 200
2025-05-13 00:13:14.187756+00:00 DELETE /home 61 200
2025-05-13 00:13:44.187756+00:00 GET /products 72 200
2025-05-13 00:14:14.187756+00:00 DELETE /api/users 98 200
2025-05-13 00:14:44.187756+00:00 PUT /cart 21 200
2025-05-13 00:15:14.187756+00:00 GET /home 78 200
2025-05-13 00:15:44.187756+00:00 POST /home 23 200
2025-05-13 00:16:14.187756+00:00 PUT /products 11 200
2025-05-13 00:16:44.187756+00:00 PUT /api/users 31 200
2025-05-13 00:17:14.187756+00:00 GET /login 90 200
2025-05-13 00:17:44.187756+00:00 DELETE /api/users 17 200
2025-05-13 00:18:14.187756+00:00 GET /home 83 200
2025-05-13 00:18:44.187756+00:00 PUT /home 19 200
2025-05-13 00:19:14.187756+00:00 POST /api/users 87 200
2025-05-13 00:19:44.187756+00:00 GET /home 30 200
2025-05-13 00:20:14.187756+00:00 POST /checkout 33 200
2025-05-13 00:20:44.187756+00:00 PUT /api/products 13 200
2025-05-13 00:21:14.187756+00:00 GET /login 89 200
2025-05-13 00:21:44.187756+00:00 POST /cart 93 200
2025-05-13 00:22:14.187756+00:00 DELETE /products 75 200
2025-05-13 00:22:44.187756+00:00 PUT /api/users 48 200
2025-05-13 00:23:14.187756+00:00 GET /api/users 57 200
2025-05-13 00:23:44.187756+00:00 DELETE /home 8 200
2025-05-13 00:24:14.187756+00:00 PUT /contact 73 200
2025-05-13 00:24:44.187756+00:00 PUT /cart 53 200
2025-05-13 00:25:14.187756+00:00 POST /home 65 200
2025-05-13 00:25:44.187756+00:00 DELETE /products 14 200
2025-05-13 00:26:14.187756+00:00 PUT /checkout 89 200
2025-05-13 00:26:44.187756+00:00 DELETE /api/products 42 200
2025-05-13 00:27:14.187756+00:00 POST /cart 15 200
2025-05-13 00:27:44.187756+00:00 GET /api/users 52 200
2025-05-13 00:28:14.187756+00:00 GET /products 41 200
2025-05-13 00:28:44.187756+00:00 GET /home 99 200
2025-05-13 00:29:14.187756+00:00 DELETE /home 92 200
2025-05-13 00:29:44.187756+00:00 POST /home 58 200
2025-05-13 00:30:14.187756+00:00 PUT /products 45 200
2025-05-13 00:30:44.187756+00:00 PUT /checkout 79 200
2025-05-13 00:31:14.187756+00:00 PUT /products 24 200
2025-05-13 00:31:44.187756+00:00 DELETE /login 49 200
2025-05-13 00:32:14.187756+00:00 POST /cart 99 200
2025-05-13 00:32:44.187756+00:00 PUT /login 9 200
2025-05-13 00:33:14.187756+00:00 POST /cart 99 200
2025-05-13 00:33:44.187756+00:00 GET /checkout 46 200
2025-05-13 00:34:14.187756+00:00 POST /home 62 200
2025-05-13 00:34:44.187756+00:00 PUT /contact 99 200
2025-05-13 00:35:14.187756+00:00 PUT /home 87 200
2025-05-13 00:35:44.187756+00:00 GET /home 18 200
2025-05-13 00:36:14.187756+00:00 POST /login 51 200
2025-05-13 00:36:44.187756+00:00 GET /products 14 200
2025-05-13 00:37:14.187756+00:00 GET /checkout 65 200
2025-05-13 00:37:44.187756+00:00 GET /cart 15 200
2025-05-13 00:38:14.187756+00:00 GET /products 70 200
2025-05-13 00:38:44.187756+00:00 GET /home 87 200
2025-05-13 00:39:14.187756+00:00 POST /cart 13 200
2025-05-13 00:39:44.187756+00:00 POST /home 54 200
2025-05-13 00:40:14.187756+00:00 GET /products 1 200
2025-05-13 00:40:44.187756+00:00 GET /api/users 27 200
2025-05-13 00:41:14.187756+00:00 GET /home 94 200
2025-05-13 00:41:44.187756+00:00 POST /home 17 200
2025-05-13 00:42:14.187756+00:00 PUT /api/users 17 200
2025-05-13 00:42:44.187756+00:00 GET /home 75 200
2025-05-13 00:43:14.187756+00:00 PUT /contact 48 200
2025-05-13 00:43:44.187756+00:00 GET /contact 37 200
2025-05-13 00:44:14.187756+00:00 GET /api/users 87 200
2025-05-13 00:44:44.187756+00:00 GET /home 15 200
2025-05-13 00:45:14.187756+00:00 POST /api/products 51 200
2025-05-13 00:45:44.187756+00:00 GET /home 75 200
2025-05-13 00:46:14.187756+00:00 GET /home 84 200
2025-05-13 00:46:44.187756+00:00 DELETE /cart 77 200
2025-05-13 00:47:14.187756+00:00 GET /home 60 200
2025-05-13 00:47:44.187756+00:00 PUT /products 65 200
2025-05-13 00:48:14.187756+00:00 PUT /home 17 200
2025-05-13 00:48:44.187756+00:00 GET /api/users 31 200
2025-05-13 00:49:14.187756+00:00 POST /login 79 200
2025-05-13 00:49:44.187756+00:00 POST /api/users 38 200
2025-05-13 00:50:14.187756+00:00 DELETE /contact 13 200
2025-05-13 00:50:44.187756+00:00 GET /cart 25 200
2025-05-13 00:51:14.187756+00:00 DELETE /api/users 75 200
2025-05-13 00:51:44.187756+00:00 DELETE /api/users 100 200
2025-05-13 00:52:14.187756+00:00 DELETE /cart 36 200
2025-05-13 00:52:44.187756+00:00 PUT /cart 70 200
2025-05-13 00:53:14.187756+00:00 DELETE /api/users 62 200
2025-05-13 00:53:44.187756+00:00 PUT /login 80 200
2025-05-13 00:54:14.187756+00:00 DELETE /products 23 200
2025-05-13 00:54:44.187756+00:00 DELETE /checkout 81 200
2025-05-13 00:55:14.187756+00:00 PUT /api/users 46 200
2025-05-13 00:55:44.187756+00:00 POST /contact 79 200
2025-05-13 00:56:14.187756+00:00 PUT /api/products 92 200
2025-05-13 00:56:44.187756+00:00 PUT /api/products 57 200
2025-05-13 00:57:14.187756+00:00 POST /home 41 200
2025-05-13 00:57:44.187756+00:00 PUT /products 81 200
2025-05-13 00:58:14.187756+00:00 DELETE /home 90 200
2025-05-13 00:58:44.187756+00:00 DELETE /checkout 49 200
2025-05-13 00:59:14.187756+00:00 DELETE /checkout 41 200
2025-05-13 00:59:44.187756+00:00 PUT /home 16 200
2025-05-13 01:00:14.187756+00:00 GET /products 72 200
2025-05-13 01:00:44.187756+00:00 DELETE /home 57 200
2025-05-13 01:01:14.187756+00:00 DELETE /contact 53 200
2025-05-13 01:01:44.187756+00:00 GET /checkout 65 200
2025-05-13 01:02:14.187756+00:00 DELETE /cart 52 200
2025-05-13 01:02:44.187756+00:00 GET /cart 69 200
2025-05-13 01:03:14.187756+00:00 GET /api/products 45 200
2025-05-13 01:03:44.187756+00:00 PUT /home 88 200
2025-05-13 01:04:14.187756+00:00 POST /checkout 72 200
2025-05-13 01:04:44.187756+00:00 GET /cart 56 200
2025-05-13 01:05:14.187756+00:00 GET /checkout 90 200
2025-05-13 01:05:44.187756+00:00 POST /login 79 200
2025-05-13 01:06:14.187756+00:00 DELETE /checkout 18 200
2025-05-13 01:06:44.187756+00:00 PUT /checkout 38 200
2025-05-13 01:07:14.187756+00:00 GET /home 23 200
2025-05-13 01:07:44.187756+00:00 POST /products 90 200
2025-05-13 01:08:14.187756+00:00 POST /api/products 71 200
2025-05-13 01:08:44.187756+00:00 PUT /products 84 200
2025-05-13 01:09:14.187756+00:00 GET /cart 80 200
2025-05-13 01:09:44.187756+00:00 GET /cart 13 200
2025-05-13 01:10:14.187756+00:00 GET /products 37 200
2025-05-13 01:10:44.187756+00:00 PUT /cart 74 200
2025-05-13 01:11:14.187756+00:00 GET /cart 24 200
2025-05-13 01:11:44.187756+00:00 PUT /home 8 200
2025-05-13 01:12:14.187756+00:00 GET /products 27 200
2025-05-13 01:12:44.187756+00:00 PUT /login 89 200
2025-05-13 01:13:14.187756+00:00 POST /home 52 200
2025-05-13 01:13:44.187756+00:00 PUT /checkout 41 200
2025-05-13 01:14:14.187756+00:00 GET /products 28 200
2025-05-13 01:14:44.187756+00:00 POST /cart 3 200
2025-05-13 01:15:14.187756+00:00 DELETE /home 55 200
2025-05-13 01:15:44.187756+00:00 DELETE /contact 33 200
2025-05-13 01:16:14.187756+00:00 DELETE /api/products 98 200
2025-05-13 01:16:44.187756+00:00 PUT /home 41 200
2025-05-13 01:17:14.187756+00:00 PUT /login 42 200
2025-05-13 01:17:44.187756+00:00 DELETE /home 4 200
2025-05-13 01:18:14.187756+00:00 PUT /products 43 200
2025-05-13 01:18:44.187756+00:00 DELETE /api/users 9 200
2025-05-13 01:19:14.187756+00:00 GET /api/products 36 200
2025-05-13 01:19:44.187756+00:00 GET /home 46 200
2025-05-13 01:20:14.187756+00:00 PUT /home 77 200
2025-05-13 01:20:44.187756+00:00 GET /products 76 200
2025-05-13 01:21:14.187756+00:00 DELETE /api/products 43 200
2025-05-13 01:21:44.187756+00:00 DELETE /contact 33 200
2025-05-13 01:22:14.187756+00:00 GET /api/users 40 200
2025-05-13 01:22:44.187756+00:00 PUT /checkout 86 200
2025-05-13 01:23:14.187756+00:00 PUT /products 15 200
2025-05-13 01:23:44.187756+00:00 PUT /home 9 200
2025-05-13 01:24:14.187756+00:00 DELETE /login 27 200
2025-05-13 01:24:44.187756+00:00 DELETE /home 7 200
2025-05-13 01:25:14.187756+00:00 POST /api/products 57 200
2025-05-13 01:25:44.187756+00:00 POST /api/products 65 200
2025-05-13 01:26:14.187756+00:00 DELETE /products 35 200
2025-05-13 01:26:44.187756+00:00 GET /api/users 92 200
2025-05-13 01:27:14.187756+00:00 POST /login 42 200
2025-05-13 01:27:44.187756+00:00 GET /login 14 200
2025-05-13 01:28:14.187756+00:00 GET /checkout 20 200
2025-05-13 01:28:44.187756+00:00 POST /products 19 200
2025-05-13 01:29:14.187756+00:00 PUT /home 79 200
2025-05-13 01:29:44.187756+00:00 PUT /cart 71 200
2025-05-13 01:30:14.187756+00:00 GET /contact 95 200
2025-05-13 01:30:44.187756+00:00 POST /home 51 200
2025-05-13 01:31:14.187756+00:00 GET /contact 34 200
2025-05-13 01:31:44.187756+00:00 POST /home 42 200
2025-05-13 01:32:14.187756+00:00 POST /products 8 200
2025-05-13 01:32:44.187756+00:00 PUT /home 5 200
2025-05-13 01:33:14.187756+00:00 PUT /api/products 67 200
2025-05-13 01:33:44.187756+00:00 GET /home 38 200
2025-05-13 01:34:14.187756+00:00 POST /api/users 84 200
2025-05-13 01:34:44.187756+00:00 DELETE /login 60 200
2025-05-13 01:35:14.187756+00:00 DELETE /api/products 25 200
2025-05-13 01:35:44.187756+00:00 GET /api/users 7 200
2025-05-13 01:36:14.187756+00:00 PUT /products 16 200
2025-05-13 01:36:44.187756+00:00 POST /login 52 200
2025-05-13 01:37:14.187756+00:00 POST /products 73 200
2025-05-13 01:37:44.187756+00:00 DELETE /api/users 94 200
2025-05-13 01:38:14.187756+00:00 DELETE /home 33 200
2025-05-13 01:38:44.187756+00:00 POST /cart 31 200
2025-05-13 01:39:14.187756+00:00 DELETE /checkout 19 200
2025-05-13 01:39:44.187756+00:00 PUT /cart 74 200
2025-05-13 01:40:14.187756+00:00 GET /home 73 200
2025-05-13 01:40:44.187756+00:00 POST /checkout 97 200
2025-05-13 01:41:14.187756+00:00 PUT /api/users 13 200
2025-05-13 01:41:44.187756+00:00 GET /products 85 200
2025-05-13 01:42:14.187756+00:00 GET /home 49 200
2025-05-13 01:42:44.187756+00:00 DELETE /cart 23 200
2025-05-13 01:43:14.187756+00:00 GET /api/users 44 200
2025-05-13 01:43:44.187756+00:00 GET /cart 64 200
2025-05-13 01:44:14.187756+00:00 DELETE /api/users 93 200
2025-05-13 01:44:44.187756+00:00 POST /cart 4 200
2025-05-13 01:45:14.187756+00:00 DELETE /cart 42 200
2025-05-13 01:45:44.187756+00:00 PUT /products 16 200
2025-05-13 01:46:14.187756+00:00 DELETE /api/products 64 200
2025-05-13 01:46:44.187756+00:00 PUT /api/products 11 200
2025-05-13 01:47:14.187756+00:00 PUT /contact 87 200
2025-05-13 01:47:44.187756+00:00 GET /home 84 200
2025-05-13 01:48:14.187756+00:00 PUT /home 94 200
2025-05-13 01:48:44.187756+00:00 PUT /api/products 24 200
2025-05-13 01:49:14.187756+00:00 POST /api/products 57 200
2025-05-13 01:49:44.187756+00:00 GET /login 83 200
2025-05-13 01:50:14.187756+00:00 DELETE /home 95 200
2025-05-13 01:50:44.187756+00:00 POST /products 43 200
2025-05-13 01:51:14.187756+00:00 DELETE /products 19 200
2025-05-13 01:51:44.187756+00:00 GET /api/products 52 200
2025-05-13 01:52:14.187756+00:00 GET /products 45 200
2025-05-13 01:52:44.187756+00:00 GET /home 84 200
2025-05-13 01:53:14.187756+00:00 GET /products 86 200
2025-05-13 01:53:44.187756+00:00 PUT /api/users 56 200
2025-05-13 01:54:14.187756+00:00 PUT /home 45 200
2025-05-13 01:54:44.187756+00:00 GET /checkout 3 200
2025-05-13 01:55:14.187756+00:00 GET /cart 81 200
2025-05-13 01:55:44.187756+00:00 POST /api/products 29 200
2025-05-13 01:56:14.187756+00:00 DELETE /login 55 200
2025-05-13 01:56:44.187756+00:00 GET /api/users 3 200
2025-05-13 01:57:14.187756+00:00 DELETE /products 45 200
2025-05-13 01:57:44.187756+00:00 PUT /api/products 10 200
2025-05-13 01:58:14.187756+00:00 PUT /api/products 12 200
2025-05-13 01:58:44.187756+00:00 DELETE /contact 8 200
2025-05-13 01:59:14.187756+00:00 POST /home 19 200
2025-05-13 01:59:44.187756+00:00 GET /products 91 200
2025-05-13 02:00:14.187756+00:00 DELETE /cart 46 200
2025-05-13 02:00:44.187756+00:00 GET /login 33 200
2025-05-13 02:01:14.187756+00:00 PUT /checkout 80 200
2025-05-13 02:01:44.187756+00:00 GET /api/users 19 200
2025-05-13 02:02:14.187756+00:00 DELETE /login 42 200
2025-05-13 02:02:44.187756+00:00 GET /checkout 42 200
2025-05-13 02:03:14.187756+00:00 GET /api/products 27 200
2025-05-13 02:03:44.187756+00:00 PUT /checkout 87 200
2025-05-13 02:04:14.187756+00:00 GET /home 53 200
2025-05-13 02:04:44.187756+00:00 GET /products 70 200
2025-05-13 02:05:14.187756+00:00 DELETE /login 88 200
2025-05-13 02:05:44.187756+00:00 PUT /api/users 41 200
2025-05-13 02:06:14.187756+00:00 PUT /cart 42 200
2025-05-13 02:06:44.187756+00:00 DELETE /checkout 27 200
2025-05-13 02:07:14.187756+00:00 DELETE /home 61 200
2025-05-13 02:07:44.187756+00:00 GET /home 25 200
2025-05-13 02:08:14.187756+00:00 GET /login 26 200
2025-05-13 02:08:44.187756+00:00 DELETE /cart 41 200
2025-05-13 02:09:14.187756+00:00 PUT /products 23 200
2025-05-13 02:09:44.187756+00:00 PUT /home 91 200
2025-05-13 02:10:14.187756+00:00 PUT /api/users 13 200
2025-05-13 02:10:44.187756+00:00 PUT /login 37 200
2025-05-13 02:11:14.187756+00:00 DELETE /cart 37 200
2025-05-13 02:11:44.187756+00:00 PUT /home 26 200
2025-05-13 02:12:14.187756+00:00 GET /cart 54 200
2025-05-13 02:12:44.187756+00:00 PUT /products 73 200
2025-05-13 02:13:14.187756+00:00 POST /api/users 42 200
2025-05-13 02:13:44.187756+00:00 PUT /products 88 200
2025-05-13 02:14:14.187756+00:00 DELETE /home 42 200
2025-05-13 02:14:44.187756+00:00 GET /api/users 41 200
2025-05-13 02:15:14.187756+00:00 GET /home 44 200
2025-05-13 02:15:44.187756+00:00 POST /api/products 81 200
2025-05-13 02:16:14.187756+00:00 POST /api/users 23 200
2025-05-13 02:16:44.187756+00:00 GET /home 9 200
2025-05-13 02:17:14.187756+00:00 DELETE /api/products 76 200
2025-05-13 02:17:44.187756+00:00 POST /contact 54 200
2025-05-13 02:18:14.187756+00:00 GET /contact 9 200
2025-05-13 02:18:44.187756+00:00 GET /api/products 22 200
2025-05-13 02:19:14.187756+00:00 PUT /api/products 28 200
2025-05-13 02:19:44.187756+00:00 PUT /contact 47 200
2025-05-13 02:20:14.187756+00:00 GET /home 86 200
2025-05-13 02:20:44.187756+00:00 PUT /checkout 93 200
2025-05-13 02:21:14.187756+00:00 DELETE /login 92 200
2025-05-13 02:21:44.187756+00:00 PUT /api/products 59 200
2025-05-13 02:22:14.187756+00:00 POST /cart 87 200
2025-05-13 02:22:44.187756+00:00 PUT /checkout 10 200
2025-05-13 02:23:14.187756+00:00 POST /products 72 200
2025-05-13 02:23:44.187756+00:00 PUT /cart 56 200
2025-05-13 02:24:14.187756+00:00 PUT /api/products 43 200
2025-05-13 02:24:44.187756+00:00 GET /api/users 85 200
2025-05-13 02:25:14.187756+00:00 POST /checkout 35 200
